NC_060925.1	28025	28026	70.1	Total	4	3	1	75.0
NC_060925.1	28226	28227	75.0	Total	4	3	1	75.0
NC_060925.1	28478	28479	77.0	Total	4	4	0	100.0
NC_060925.1	28484	28485	83.8	Total	4	4	0	100.0
NC_060925.1	28544	28545	83.5	Total	4	4	0	100.0
NC_060925.1	28556	28557	91.7	Total	4	4	0	100.0
NC_060925.1	28653	28654	33.4	Total	4	1	3	25.0
NC_060925.1	28712	28713	57.6	Total	4	2	2	50.0
NC_060925.1	28720	28721	79.4	Total	4	4	0	100.0
NC_060925.1	28779	28780	90.5	Total	4	4	0	100.0
NC_060925.1	28859	28860	32.0	Total	4	1	3	25.0
NC_060925.1	28882	28883	95.5	Total	4	4	0	100.0
NC_060925.1	28884	28885	94.6	Total	4	4	0	100.0
NC_060925.1	28957	28958	49.2	Total	4	2	2	50.0
NC_060925.1	28961	28962	53.0	Total	4	2	2	50.0
NC_060925.1	28989	28990	71.1	Total	4	3	1	75.0
NC_060925.1	29111	29112	79.2	Total	4	4	0	100.0
NC_060925.1	29155	29156	95.0	Total	4	4	0	100.0
NC_060925.1	29197	29198	94.5	Total	4	4	0	100.0
NC_060925.1	29405	29406	6.8	Total	4	0	4	0.0
NC_060925.1	29527	29528	12.5	Total	4	0	4	0.0
NC_060925.1	29579	29580	52.2	Total	4	2	2	50.0
NC_060925.1	29600	29601	48.3	Total	4	2	2	50.0
NC_060925.1	29675	29676	7.0	Total	4	0	4	0.0
NC_060925.1	29765	29766	95.0	Total	4	4	0	100.0
NC_060925.1	29804	29805	94.2	Total	5	5	0	100.0
NC_060925.1	29886	29887	77.8	Total	5	4	1	80.0
NC_060925.1	29931	29932	65.3	Total	5	4	1	80.0
NC_060925.1	29942	29943	93.0	Total	5	5	0	100.0
NC_060925.1	29983	29984	6.7	Total	5	0	5	0.0
NC_060925.1	30109	30110	64.7	Total	5	3	2	60.0
NC_060925.1	30211	30212	61.4	Total	5	3	2	60.0
NC_060925.1	30280	30281	80.4	Total	5	5	0	100.0
NC_060925.1	30315	30316	93.7	Total	5	5	0	100.0
NC_060925.1	30412	30413	11.4	Total	5	0	5	0.0
NC_060925.1	30488	30489	60.9	Total	5	3	2	60.0
NC_060925.1	30621	30622	58.6	Total	5	2	3	40.0
NC_060925.1	30632	30633	95.8	Total	5	5	0	100.0
NC_060925.1	30667	30668	96.2	Total	5	5	0	100.0
NC_060925.1	30783	30784	96.1	Total	5	5	0	100.0
NC_060925.1	30795	30796	95.6	Total	5	5	0	100.0
NC_060925.1	31003	31004	55.7	Total	5	2	3	40.0
NC_060925.1	31121	31122	95.7	Total	5	5	0	100.0
NC_060925.1	31131	31132	96.3	Total	5	5	0	100.0
NC_060925.1	31159	31160	96.3	Total	5	5	0	100.0
NC_060925.1	31164	31165	95.7	Total	5	5	0	100.0
NC_060925.1	31209	31210	89.3	Total	5	5	0	100.0
NC_060925.1	31220	31221	85.8	Total	5	5	0	100.0
NC_060925.1	31283	31284	66.4	Total	5	4	1	80.0
NC_060925.1	31285	31286	65.4	Total	5	4	1	80.0
NC_060925.1	31309	31310	66.6	Total	5	4	1	80.0
NC_060925.1	31317	31318	72.6	Total	5	4	1	80.0
NC_060925.1	31324	31325	92.3	Total	5	5	0	100.0
NC_060925.1	31341	31342	94.7	Total	5	5	0	100.0
NC_060925.1	31347	31348	96.2	Total	5	5	0	100.0
NC_060925.1	31349	31350	95.8	Total	5	5	0	100.0
NC_060925.1	31371	31372	74.7	Total	5	4	1	80.0
NC_060925.1	31377	31378	94.1	Total	5	5	0	100.0
NC_060925.1	31385	31386	96.1	Total	5	5	0	100.0
NC_060925.1	31465	31466	96.0	Total	5	5	0	100.0
NC_060925.1	31486	31487	95.9	Total	5	5	0	100.0
NC_060925.1	31508	31509	82.2	Total	5	5	0	100.0
NC_060925.1	31531	31532	83.5	Total	5	5	0	100.0
NC_060925.1	31579	31580	86.7	Total	5	5	0	100.0
NC_060925.1	31584	31585	80.8	Total	5	5	0	100.0
NC_060925.1	31595	31596	59.2	Total	5	2	3	40.0
NC_060925.1	32025	32026	42.5	Total	5	3	2	60.0
NC_060925.1	32047	32048	74.0	Total	5	4	1	80.0
NC_060925.1	32126	32127	48.2	Total	5	3	2	60.0
NC_060925.1	32142	32143	20.9	Total	5	1	4	20.0
NC_060925.1	32164	32165	42.5	Total	5	3	2	60.0
NC_060925.1	32182	32183	32.5	Total	5	1	4	20.0
NC_060925.1	32190	32191	41.7	Total	5	3	2	60.0
NC_060925.1	32192	32193	38.6	Total	5	2	3	40.0
NC_060925.1	32214	32215	30.5	Total	5	1	4	20.0
NC_060925.1	32221	32222	42.9	Total	5	3	2	60.0
NC_060925.1	32227	32228	58.0	Total	5	2	3	40.0
NC_060925.1	32234	32235	69.3	Total	5	4	1	80.0
NC_060925.1	32242	32243	94.1	Total	5	5	0	100.0
NC_060925.1	32252	32253	70.5	Total	5	4	1	80.0
NC_060925.1	32276	32277	57.8	Total	5	2	3	40.0
NC_060925.1	32319	32320	30.9	Total	5	1	4	20.0
NC_060925.1	32359	32360	26.7	Total	5	1	4	20.0
NC_060925.1	32417	32418	57.7	Total	5	2	3	40.0
NC_060925.1	32425	32426	68.5	Total	5	4	1	80.0
NC_060925.1	32434	32435	31.7	Total	5	1	4	20.0
NC_060925.1	32442	32443	42.7	Total	5	3	2	60.0
NC_060925.1	32444	32445	39.9	Total	5	2	3	40.0
NC_060925.1	32454	32455	45.2	Total	5	3	2	60.0
NC_060925.1	32456	32457	43.9	Total	5	3	2	60.0
NC_060925.1	32459	32460	33.6	Total	5	1	4	20.0
NC_060925.1	32468	32469	63.3	Total	5	3	2	60.0
NC_060925.1	32472	32473	67.4	Total	5	4	1	80.0
NC_060925.1	32484	32485	49.3	Total	5	3	2	60.0
NC_060925.1	32486	32487	54.0	Total	5	2	3	40.0
NC_060925.1	32490	32491	42.3	Total	5	3	2	60.0
NC_060925.1	32492	32493	33.9	Total	5	1	4	20.0
NC_060925.1	32494	32495	40.4	Total	5	3	2	60.0
NC_060925.1	32498	32499	44.9	Total	5	3	2	60.0
NC_060925.1	32503	32504	53.5	Total	5	2	3	40.0
